<?xml version="1.0" encoding="UTF-8"?>
<!-- Generated by org.testng.reporters.JUnitReportReporter -->
<testsuite skipped="2" hostname="DESKTOP-2RLMOET" name="com.crm.comcast.organisationcontacttest.CreateOrganisationWithIndustryAndTypeTest" tests="4" failures="0" timestamp="8 Nov 2021 10:00:41 GMT" time="0.021" errors="2">
  <testcase name="configBc" time="0.000" classname="com.crm.comcast.organisationcontacttest.CreateOrganisationWithIndustryAndTypeTest">
    <error type="org.testng.TestNGException" message="
Parameter &#039;browser&#039; is required by @Configuration on method configBc but has not been marked @Optional or defined
in D:\eclipse_rcc01\SDET_24Maven\testngCompatibilityTest.xml">
      <![CDATA[org.testng.TestNGException: 
Parameter 'browser' is required by @Configuration on method configBc but has not been marked @Optional or defined
in D:\eclipse_rcc01\SDET_24Maven\testngCompatibilityTest.xml
	at org.testng.internal.Parameters.createParameters(Parameters.java:156)
	at org.testng.internal.Parameters.createParameters(Parameters.java:370)
	at org.testng.internal.Parameters.createConfigurationParameters(Parameters.java:86)
	at org.testng.internal.Invoker.invokeConfigurations(Invoker.java:202)
	at org.testng.internal.Invoker.invokeConfigurations(Invoker.java:143)
	at org.testng.internal.TestMethodWorker.invokeBeforeClassMethods(TestMethodWorker.java:169)
	at org.testng.internal.TestMethodWorker.run(TestMethodWorker.java:108)
	at org.testng.TestRunner.privateRun(TestRunner.java:753)
	at org.testng.TestRunner.run(TestRunner.java:607)
	at org.testng.SuiteRunner.runTest(SuiteRunner.java:368)
	at org.testng.SuiteRunner.access$000(SuiteRunner.java:39)
	at org.testng.SuiteRunner$SuiteWorker.run(SuiteRunner.java:402)
	at org.testng.internal.thread.ThreadUtil$2.call(ThreadUtil.java:64)
	at java.util.concurrent.FutureTask.run(Unknown Source)
	at java.util.concurrent.ThreadPoolExecutor.runWorker(Unknown Source)
	at java.util.concurrent.ThreadPoolExecutor$Worker.run(Unknown Source)
	at java.lang.Thread.run(Unknown Source)
]]>
    </error>
  </testcase> <!-- configBc -->
  <testcase name="CreateOrganizationWithIndustryAndTypeTC2" time="0.015" classname="com.crm.comcast.organisationcontacttest.CreateOrganisationWithIndustryAndTypeTest">
    <skipped/>
  </testcase> <!-- CreateOrganizationWithIndustryAndTypeTC2 -->
  <testcase name="CreateOrganizationWithIndustryAndTypeTC2" time="0.006" classname="com.crm.comcast.organisationcontacttest.CreateOrganisationWithIndustryAndTypeTest">
    <skipped/>
  </testcase> <!-- CreateOrganizationWithIndustryAndTypeTC2 -->
  <testcase name="configBc" time="0.000" classname="com.crm.comcast.organisationcontacttest.CreateOrganisationWithIndustryAndTypeTest">
    <error type="org.testng.TestNGException" message="
Parameter &#039;browser&#039; is required by @Configuration on method configBc but has not been marked @Optional or defined
in D:\eclipse_rcc01\SDET_24Maven\testngCompatibilityTest.xml">
      <![CDATA[org.testng.TestNGException: 
Parameter 'browser' is required by @Configuration on method configBc but has not been marked @Optional or defined
in D:\eclipse_rcc01\SDET_24Maven\testngCompatibilityTest.xml
	at org.testng.internal.Parameters.createParameters(Parameters.java:156)
	at org.testng.internal.Parameters.createParameters(Parameters.java:370)
	at org.testng.internal.Parameters.createConfigurationParameters(Parameters.java:86)
	at org.testng.internal.Invoker.invokeConfigurations(Invoker.java:202)
	at org.testng.internal.Invoker.invokeConfigurations(Invoker.java:143)
	at org.testng.internal.TestMethodWorker.invokeBeforeClassMethods(TestMethodWorker.java:169)
	at org.testng.internal.TestMethodWorker.run(TestMethodWorker.java:108)
	at org.testng.TestRunner.privateRun(TestRunner.java:753)
	at org.testng.TestRunner.run(TestRunner.java:607)
	at org.testng.SuiteRunner.runTest(SuiteRunner.java:368)
	at org.testng.SuiteRunner.access$000(SuiteRunner.java:39)
	at org.testng.SuiteRunner$SuiteWorker.run(SuiteRunner.java:402)
	at org.testng.internal.thread.ThreadUtil$2.call(ThreadUtil.java:64)
	at java.util.concurrent.FutureTask.run(Unknown Source)
	at java.util.concurrent.ThreadPoolExecutor.runWorker(Unknown Source)
	at java.util.concurrent.ThreadPoolExecutor$Worker.run(Unknown Source)
	at java.lang.Thread.run(Unknown Source)
]]>
    </error>
  </testcase> <!-- configBc -->
</testsuite> <!-- com.crm.comcast.organisationcontacttest.CreateOrganisationWithIndustryAndTypeTest -->
